Analysis & Synthesis report for Ulala
Fri Jun 22 19:38:10 2018
Quartus II 64-Bit Version 14.1.0 Build 186 12/03/2014 SJ Web Edition


---------------------
; Table of Contents ;
---------------------
  1. Legal Notice
  2. Analysis & Synthesis Summary
  3. Analysis & Synthesis Settings
  4. Parallel Compilation
  5. Analysis & Synthesis Source Files Read
  6. Analysis & Synthesis Resource Usage Summary
  7. Analysis & Synthesis Resource Utilization by Entity
  8. General Register Statistics
  9. Parameter Settings for User Entity Instance: LPM_MUX:instmux
 10. Parameter Settings for User Entity Instance: shift-comMux:inst9|MUX:inst65
 11. Parameter Settings for User Entity Instance: shift-comMux:inst9|MUX:inst
 12. Parameter Settings for User Entity Instance: shift-comMux:inst9|MUX:inst7
 13. Parameter Settings for User Entity Instance: shift-comMux:inst9|MUX:inst9
 14. Parameter Settings for User Entity Instance: shiftRight-comMux:inst|MUX:inst65
 15. Parameter Settings for User Entity Instance: shiftRight-comMux:inst|MUX:inst
 16. Parameter Settings for User Entity Instance: shiftRight-comMux:inst|MUX:inst7
 17. Parameter Settings for User Entity Instance: shiftRight-comMux:inst|MUX:inst9
 18. Parameter Settings for User Entity Instance: rotateLeft:inst15|MUX:inst65
 19. Parameter Settings for User Entity Instance: rotateLeft:inst15|MUX:inst
 20. Parameter Settings for User Entity Instance: rotateLeft:inst15|MUX:inst7
 21. Parameter Settings for User Entity Instance: rotateLeft:inst15|MUX:inst9
 22. Parameter Settings for User Entity Instance: rotateRight:inst16|MUX:inst65
 23. Parameter Settings for User Entity Instance: rotateRight:inst16|MUX:inst
 24. Parameter Settings for User Entity Instance: rotateRight:inst16|MUX:inst7
 25. Parameter Settings for User Entity Instance: rotateRight:inst16|MUX:inst9
 26. Parameter Settings for User Entity Instance: MUX:inst18
 27. Parameter Settings for User Entity Instance: MUX:inst19
 28. Post-Synthesis Netlist Statistics for Top Partition
 29. Elapsed Time Per Partition
 30. Analysis & Synthesis Messages



----------------
; Legal Notice ;
----------------
Copyright (C) 1991-2014 Altera Corporation. All rights reserved.
Your use of Altera Corporation's design tools, logic functions 
and other software and tools, and its AMPP partner logic 
functions, and any output files from any of the foregoing 
(including device programming or simulation files), and any 
associated documentation or information are expressly subject 
to the terms and conditions of the Altera Program License 
Subscription Agreement, the Altera Quartus II License Agreement,
the Altera MegaCore Function License Agreement, or other 
applicable license agreement, including, without limitation, 
that your use is for the sole purpose of programming logic 
devices manufactured by Altera and sold by Altera or its 
authorized distributors.  Please refer to the applicable 
agreement for further details.



+---------------------------------------------------------------------------------+
; Analysis & Synthesis Summary                                                    ;
+------------------------------------+--------------------------------------------+
; Analysis & Synthesis Status        ; Successful - Fri Jun 22 19:38:07 2018      ;
; Quartus II 64-Bit Version          ; 14.1.0 Build 186 12/03/2014 SJ Web Edition ;
; Revision Name                      ; Ulala                                      ;
; Top-level Entity Name              ; Ulala                                      ;
; Family                             ; Cyclone IV GX                              ;
; Total logic elements               ; 149                                        ;
;     Total combinational functions  ; 149                                        ;
;     Dedicated logic registers      ; 0                                          ;
; Total registers                    ; 0                                          ;
; Total pins                         ; 26                                         ;
; Total virtual pins                 ; 0                                          ;
; Total memory bits                  ; 0                                          ;
; Embedded Multiplier 9-bit elements ; 0                                          ;
; Total GXB Receiver Channel PCS     ; 0                                          ;
; Total GXB Receiver Channel PMA     ; 0                                          ;
; Total GXB Transmitter Channel PCS  ; 0                                          ;
; Total GXB Transmitter Channel PMA  ; 0                                          ;
; Total PLLs                         ; 0                                          ;
+------------------------------------+--------------------------------------------+


+----------------------------------------------------------------------------------------------------------------------+
; Analysis & Synthesis Settings                                                                                        ;
+----------------------------------------------------------------------------+--------------------+--------------------+
; Option                                                                     ; Setting            ; Default Value      ;
+----------------------------------------------------------------------------+--------------------+--------------------+
; Top-level entity name                                                      ; Ulala              ; Ulala              ;
; Family name                                                                ; Cyclone IV GX      ; Cyclone IV GX      ;
; Use smart compilation                                                      ; Off                ; Off                ;
; Enable parallel Assembler and TimeQuest Timing Analyzer during compilation ; On                 ; On                 ;
; Enable compact report table                                                ; Off                ; Off                ;
; Restructure Multiplexers                                                   ; Auto               ; Auto               ;
; Create Debugging Nodes for IP Cores                                        ; Off                ; Off                ;
; Preserve fewer node names                                                  ; On                 ; On                 ;
; Disable OpenCore Plus hardware evaluation                                  ; Off                ; Off                ;
; Verilog Version                                                            ; Verilog_2001       ; Verilog_2001       ;
; VHDL Version                                                               ; VHDL_1993          ; VHDL_1993          ;
; State Machine Processing                                                   ; Auto               ; Auto               ;
; Safe State Machine                                                         ; Off                ; Off                ;
; Extract Verilog State Machines                                             ; On                 ; On                 ;
; Extract VHDL State Machines                                                ; On                 ; On                 ;
; Ignore Verilog initial constructs                                          ; Off                ; Off                ;
; Iteration limit for constant Verilog loops                                 ; 5000               ; 5000               ;
; Iteration limit for non-constant Verilog loops                             ; 250                ; 250                ;
; Add Pass-Through Logic to Inferred RAMs                                    ; On                 ; On                 ;
; Infer RAMs from Raw Logic                                                  ; On                 ; On                 ;
; Parallel Synthesis                                                         ; On                 ; On                 ;
; DSP Block Balancing                                                        ; Auto               ; Auto               ;
; NOT Gate Push-Back                                                         ; On                 ; On                 ;
; Power-Up Don't Care                                                        ; On                 ; On                 ;
; Remove Redundant Logic Cells                                               ; Off                ; Off                ;
; Remove Duplicate Registers                                                 ; On                 ; On                 ;
; Ignore CARRY Buffers                                                       ; Off                ; Off                ;
; Ignore CASCADE Buffers                                                     ; Off                ; Off                ;
; Ignore GLOBAL Buffers                                                      ; Off                ; Off                ;
; Ignore ROW GLOBAL Buffers                                                  ; Off                ; Off                ;
; Ignore LCELL Buffers                                                       ; Off                ; Off                ;
; Ignore SOFT Buffers                                                        ; On                 ; On                 ;
; Limit AHDL Integers to 32 Bits                                             ; Off                ; Off                ;
; Optimization Technique                                                     ; Balanced           ; Balanced           ;
; Carry Chain Length                                                         ; 70                 ; 70                 ;
; Auto Carry Chains                                                          ; On                 ; On                 ;
; Auto Open-Drain Pins                                                       ; On                 ; On                 ;
; Perform WYSIWYG Primitive Resynthesis                                      ; Off                ; Off                ;
; Auto ROM Replacement                                                       ; On                 ; On                 ;
; Auto RAM Replacement                                                       ; On                 ; On                 ;
; Auto DSP Block Replacement                                                 ; On                 ; On                 ;
; Auto Shift Register Replacement                                            ; Auto               ; Auto               ;
; Allow Shift Register Merging across Hierarchies                            ; Auto               ; Auto               ;
; Auto Clock Enable Replacement                                              ; On                 ; On                 ;
; Strict RAM Replacement                                                     ; Off                ; Off                ;
; Allow Synchronous Control Signals                                          ; On                 ; On                 ;
; Force Use of Synchronous Clear Signals                                     ; Off                ; Off                ;
; Auto RAM Block Balancing                                                   ; On                 ; On                 ;
; Auto RAM to Logic Cell Conversion                                          ; Off                ; Off                ;
; Auto Resource Sharing                                                      ; Off                ; Off                ;
; Allow Any RAM Size For Recognition                                         ; Off                ; Off                ;
; Allow Any ROM Size For Recognition                                         ; Off                ; Off                ;
; Allow Any Shift Register Size For Recognition                              ; Off                ; Off                ;
; Use LogicLock Constraints during Resource Balancing                        ; On                 ; On                 ;
; Ignore translate_off and synthesis_off directives                          ; Off                ; Off                ;
; Timing-Driven Synthesis                                                    ; On                 ; On                 ;
; Report Parameter Settings                                                  ; On                 ; On                 ;
; Report Source Assignments                                                  ; On                 ; On                 ;
; Report Connectivity Checks                                                 ; On                 ; On                 ;
; Ignore Maximum Fan-Out Assignments                                         ; Off                ; Off                ;
; Synchronization Register Chain Length                                      ; 2                  ; 2                  ;
; PowerPlay Power Optimization During Synthesis                              ; Normal compilation ; Normal compilation ;
; HDL message level                                                          ; Level2             ; Level2             ;
; Suppress Register Optimization Related Messages                            ; Off                ; Off                ;
; Number of Removed Registers Reported in Synthesis Report                   ; 5000               ; 5000               ;
; Number of Swept Nodes Reported in Synthesis Report                         ; 5000               ; 5000               ;
; Number of Inverted Registers Reported in Synthesis Report                  ; 100                ; 100                ;
; Clock MUX Protection                                                       ; On                 ; On                 ;
; Auto Gated Clock Conversion                                                ; Off                ; Off                ;
; Block Design Naming                                                        ; Auto               ; Auto               ;
; SDC constraint protection                                                  ; Off                ; Off                ;
; Synthesis Effort                                                           ; Auto               ; Auto               ;
; Shift Register Replacement - Allow Asynchronous Clear Signal               ; On                 ; On                 ;
; Pre-Mapping Resynthesis Optimization                                       ; Off                ; Off                ;
; Analysis & Synthesis Message Level                                         ; Medium             ; Medium             ;
; Disable Register Merging Across Hierarchies                                ; Auto               ; Auto               ;
; Resource Aware Inference For Block RAM                                     ; On                 ; On                 ;
; Synthesis Seed                                                             ; 1                  ; 1                  ;
+----------------------------------------------------------------------------+--------------------+--------------------+


+------------------------------------------+
; Parallel Compilation                     ;
+----------------------------+-------------+
; Processors                 ; Number      ;
+----------------------------+-------------+
; Number detected on machine ; 4           ;
; Maximum allowed            ; 4           ;
;                            ;             ;
; Average used               ; 1.00        ;
; Maximum used               ; 1           ;
;                            ;             ;
; Usage by Processor         ; % Time Used ;
;     Processor 1            ; 100.0%      ;
;     Processors 2-4         ;   0.0%      ;
+----------------------------+-------------+


+-------------------------------------------------------------------------------------------------------------------------------------------------------------------------+
; Analysis & Synthesis Source Files Read                                                                                                                                  ;
+----------------------------------+-----------------+------------------------------------------+---------------------------------------------------------------+---------+
; File Name with User-Entered Path ; Used in Netlist ; File Type                                ; File Name with Absolute Path                                  ; Library ;
+----------------------------------+-----------------+------------------------------------------+---------------------------------------------------------------+---------+
; Ulala.bdf                        ; yes             ; User Block Diagram/Schematic File        ; E:/ULA-nova/Ulala.bdf                                         ;         ;
; shiftRight-comMux.bdf            ; yes             ; User Block Diagram/Schematic File        ; E:/ULA-nova/shiftRight-comMux.bdf                             ;         ;
; Divisorcomsinal.bdf              ; yes             ; User Block Diagram/Schematic File        ; E:/ULA-nova/Divisorcomsinal.bdf                               ;         ;
; Divisor.bdf                      ; yes             ; User Block Diagram/Schematic File        ; E:/ULA-nova/Divisor.bdf                                       ;         ;
; lpm_mux.tdf                      ; yes             ; Megafunction                             ; c:/altera/14.1/quartus/libraries/megafunctions/lpm_mux.tdf    ;         ;
; aglobal141.inc                   ; yes             ; Megafunction                             ; c:/altera/14.1/quartus/libraries/megafunctions/aglobal141.inc ;         ;
; muxlut.inc                       ; yes             ; Megafunction                             ; c:/altera/14.1/quartus/libraries/megafunctions/muxlut.inc     ;         ;
; bypassff.inc                     ; yes             ; Megafunction                             ; c:/altera/14.1/quartus/libraries/megafunctions/bypassff.inc   ;         ;
; altshift.inc                     ; yes             ; Megafunction                             ; c:/altera/14.1/quartus/libraries/megafunctions/altshift.inc   ;         ;
; db/mux_s0d.tdf                   ; yes             ; Auto-Generated Megafunction              ; E:/ULA-nova/db/mux_s0d.tdf                                    ;         ;
; bignot.bdf                       ; yes             ; Auto-Found Block Diagram/Schematic File  ; E:/ULA-nova/bignot.bdf                                        ;         ;
; bigand.bdf                       ; yes             ; Auto-Found Block Diagram/Schematic File  ; E:/ULA-nova/bigand.bdf                                        ;         ;
; bigor.bdf                        ; yes             ; Auto-Found Block Diagram/Schematic File  ; E:/ULA-nova/bigor.bdf                                         ;         ;
; bignand.bdf                      ; yes             ; Auto-Found Block Diagram/Schematic File  ; E:/ULA-nova/bignand.bdf                                       ;         ;
; bignor.bdf                       ; yes             ; Auto-Found Block Diagram/Schematic File  ; E:/ULA-nova/bignor.bdf                                        ;         ;
; bigxor.bdf                       ; yes             ; Auto-Found Block Diagram/Schematic File  ; E:/ULA-nova/bigxor.bdf                                        ;         ;
; somasubtrai.bdf                  ; yes             ; Auto-Found Block Diagram/Schematic File  ; E:/ULA-nova/somasubtrai.bdf                                   ;         ;
; cont.bdf                         ; yes             ; Auto-Found Block Diagram/Schematic File  ; E:/ULA-nova/cont.bdf                                          ;         ;
; somatop.bdf                      ; yes             ; Auto-Found Block Diagram/Schematic File  ; E:/ULA-nova/somatop.bdf                                       ;         ;
; comp2.bdf                        ; yes             ; Auto-Found Block Diagram/Schematic File  ; E:/ULA-nova/comp2.bdf                                         ;         ;
; multcomsinal.bdf                 ; yes             ; Auto-Found Block Diagram/Schematic File  ; E:/ULA-nova/multcomsinal.bdf                                  ;         ;
; comp2big.bdf                     ; yes             ; Auto-Found Block Diagram/Schematic File  ; E:/ULA-nova/comp2big.bdf                                      ;         ;
; 8bitadder.bdf                    ; yes             ; Auto-Found Block Diagram/Schematic File  ; E:/ULA-nova/8bitadder.bdf                                     ;         ;
; multiplicador.bdf                ; yes             ; Auto-Found Block Diagram/Schematic File  ; E:/ULA-nova/multiplicador.bdf                                 ;         ;
; shift-commux.bdf                 ; yes             ; Auto-Found Block Diagram/Schematic File  ; E:/ULA-nova/shift-commux.bdf                                  ;         ;
; mux.tdf                          ; yes             ; Megafunction                             ; c:/altera/14.1/quartus/libraries/megafunctions/mux.tdf        ;         ;
; lpm_mux.inc                      ; yes             ; Megafunction                             ; c:/altera/14.1/quartus/libraries/megafunctions/lpm_mux.inc    ;         ;
; db/mux_4vc.tdf                   ; yes             ; Auto-Generated Megafunction              ; E:/ULA-nova/db/mux_4vc.tdf                                    ;         ;
; shift-left4.bdf                  ; yes             ; Auto-Found Block Diagram/Schematic File  ; E:/ULA-nova/shift-left4.bdf                                   ;         ;
; shift-left1.bdf                  ; yes             ; Auto-Found Block Diagram/Schematic File  ; E:/ULA-nova/shift-left1.bdf                                   ;         ;
; shift-left2.bdf                  ; yes             ; Auto-Found Block Diagram/Schematic File  ; E:/ULA-nova/shift-left2.bdf                                   ;         ;
; shift-left3.bdf                  ; yes             ; Auto-Found Block Diagram/Schematic File  ; E:/ULA-nova/shift-left3.bdf                                   ;         ;
; shift-right4.bdf                 ; yes             ; Auto-Found Block Diagram/Schematic File  ; E:/ULA-nova/shift-right4.bdf                                  ;         ;
; shift-right1.bdf                 ; yes             ; Auto-Found Block Diagram/Schematic File  ; E:/ULA-nova/shift-right1.bdf                                  ;         ;
; shift-right2.bdf                 ; yes             ; Auto-Found Block Diagram/Schematic File  ; E:/ULA-nova/shift-right2.bdf                                  ;         ;
; shift-right3.bdf                 ; yes             ; Auto-Found Block Diagram/Schematic File  ; E:/ULA-nova/shift-right3.bdf                                  ;         ;
; rotateleft.bdf                   ; yes             ; Auto-Found Block Diagram/Schematic File  ; E:/ULA-nova/rotateleft.bdf                                    ;         ;
; rotate4.bdf                      ; yes             ; Auto-Found Block Diagram/Schematic File  ; E:/ULA-nova/rotate4.bdf                                       ;         ;
; rotate3.bdf                      ; yes             ; Auto-Found Block Diagram/Schematic File  ; E:/ULA-nova/rotate3.bdf                                       ;         ;
; rotate2.bdf                      ; yes             ; Auto-Found Block Diagram/Schematic File  ; E:/ULA-nova/rotate2.bdf                                       ;         ;
; rotate1.bdf                      ; yes             ; Auto-Found Block Diagram/Schematic File  ; E:/ULA-nova/rotate1.bdf                                       ;         ;
; rotateright.bdf                  ; yes             ; Auto-Found Block Diagram/Schematic File  ; E:/ULA-nova/rotateright.bdf                                   ;         ;
; db/mux_p0d.tdf                   ; yes             ; Auto-Generated Megafunction              ; E:/ULA-nova/db/mux_p0d.tdf                                    ;         ;
; hexade.bdf                       ; yes             ; Auto-Found Block Diagram/Schematic File  ; E:/ULA-nova/hexade.bdf                                        ;         ;
+----------------------------------+-----------------+------------------------------------------+---------------------------------------------------------------+---------+


+---------------------------------------------+
; Analysis & Synthesis Resource Usage Summary ;
+--------------------------+------------------+
; Resource                 ; Usage            ;
+--------------------------+------------------+
; I/O pins                 ; 26               ;
;                          ;                  ;
; DSP block 9-bit elements ; 0                ;
;                          ;                  ;
; Maximum fan-out node     ; B[0]~input       ;
; Maximum fan-out          ; 34               ;
; Total fan-out            ; 591              ;
; Average fan-out          ; 2.94             ;
+--------------------------+------------------+


+--------------------------------------------------------------------------------------------------------------------------------------------------------------------------------------------------------------------------------------------------------------------+
; Analysis & Synthesis Resource Utilization by Entity                                                                                                                                                                                                                ;
+-----------------------------------+-------------------+--------------+-------------+--------------+---------+-----------+-----------+------+--------------+-----------------------------------------------------------------------------------------+--------------+
; Compilation Hierarchy Node        ; LC Combinationals ; LC Registers ; Memory Bits ; DSP Elements ; DSP 9x9 ; DSP 18x18 ; DSP 36x36 ; Pins ; Virtual Pins ; Full Hierarchy Name                                                                     ; Library Name ;
+-----------------------------------+-------------------+--------------+-------------+--------------+---------+-----------+-----------+------+--------------+-----------------------------------------------------------------------------------------+--------------+
; |Ulala                            ; 149 (1)           ; 0 (0)        ; 0           ; 0            ; 0       ; 0         ; 0         ; 26   ; 0            ; |Ulala                                                                                  ; work         ;
;    |Divisorcomsinal:inst17|       ; 30 (1)            ; 0 (0)        ; 0           ; 0            ; 0       ; 0         ; 0         ; 0    ; 0            ; |Ulala|Divisorcomsinal:inst17                                                           ; work         ;
;       |Comp2:inst2|               ; 5 (2)             ; 0 (0)        ; 0           ; 0            ; 0       ; 0         ; 0         ; 0    ; 0            ; |Ulala|Divisorcomsinal:inst17|Comp2:inst2                                               ; work         ;
;          |Cont:inst5|             ; 3 (0)             ; 0 (0)        ; 0           ; 0            ; 0       ; 0         ; 0         ; 0    ; 0            ; |Ulala|Divisorcomsinal:inst17|Comp2:inst2|Cont:inst5                                    ; work         ;
;             |somatop:inst10|      ; 1 (1)             ; 0 (0)        ; 0           ; 0            ; 0       ; 0         ; 0         ; 0    ; 0            ; |Ulala|Divisorcomsinal:inst17|Comp2:inst2|Cont:inst5|somatop:inst10                     ; work         ;
;             |somatop:inst9|       ; 1 (1)             ; 0 (0)        ; 0           ; 0            ; 0       ; 0         ; 0         ; 0    ; 0            ; |Ulala|Divisorcomsinal:inst17|Comp2:inst2|Cont:inst5|somatop:inst9                      ; work         ;
;             |somatop:inst|        ; 1 (1)             ; 0 (0)        ; 0           ; 0            ; 0       ; 0         ; 0         ; 0    ; 0            ; |Ulala|Divisorcomsinal:inst17|Comp2:inst2|Cont:inst5|somatop:inst                       ; work         ;
;       |Comp2:inst3|               ; 2 (0)             ; 0 (0)        ; 0           ; 0            ; 0       ; 0         ; 0         ; 0    ; 0            ; |Ulala|Divisorcomsinal:inst17|Comp2:inst3                                               ; work         ;
;          |Cont:inst5|             ; 2 (0)             ; 0 (0)        ; 0           ; 0            ; 0       ; 0         ; 0         ; 0    ; 0            ; |Ulala|Divisorcomsinal:inst17|Comp2:inst3|Cont:inst5                                    ; work         ;
;             |somatop:inst8|       ; 1 (1)             ; 0 (0)        ; 0           ; 0            ; 0       ; 0         ; 0         ; 0    ; 0            ; |Ulala|Divisorcomsinal:inst17|Comp2:inst3|Cont:inst5|somatop:inst8                      ; work         ;
;             |somatop:inst9|       ; 1 (1)             ; 0 (0)        ; 0           ; 0            ; 0       ; 0         ; 0         ; 0    ; 0            ; |Ulala|Divisorcomsinal:inst17|Comp2:inst3|Cont:inst5|somatop:inst9                      ; work         ;
;       |Comp2:inst|                ; 3 (0)             ; 0 (0)        ; 0           ; 0            ; 0       ; 0         ; 0         ; 0    ; 0            ; |Ulala|Divisorcomsinal:inst17|Comp2:inst                                                ; work         ;
;          |Cont:inst5|             ; 3 (0)             ; 0 (0)        ; 0           ; 0            ; 0       ; 0         ; 0         ; 0    ; 0            ; |Ulala|Divisorcomsinal:inst17|Comp2:inst|Cont:inst5                                     ; work         ;
;             |somatop:inst8|       ; 2 (2)             ; 0 (0)        ; 0           ; 0            ; 0       ; 0         ; 0         ; 0    ; 0            ; |Ulala|Divisorcomsinal:inst17|Comp2:inst|Cont:inst5|somatop:inst8                       ; work         ;
;             |somatop:inst9|       ; 1 (1)             ; 0 (0)        ; 0           ; 0            ; 0       ; 0         ; 0         ; 0    ; 0            ; |Ulala|Divisorcomsinal:inst17|Comp2:inst|Cont:inst5|somatop:inst9                       ; work         ;
;       |Divisor:inst1|             ; 19 (3)            ; 0 (0)        ; 0           ; 0            ; 0       ; 0         ; 0         ; 0    ; 0            ; |Ulala|Divisorcomsinal:inst17|Divisor:inst1                                             ; work         ;
;          |SomaSubtrai:inst2|      ; 2 (0)             ; 0 (0)        ; 0           ; 0            ; 0       ; 0         ; 0         ; 0    ; 0            ; |Ulala|Divisorcomsinal:inst17|Divisor:inst1|SomaSubtrai:inst2                           ; work         ;
;             |Cont:inst1|          ; 2 (0)             ; 0 (0)        ; 0           ; 0            ; 0       ; 0         ; 0         ; 0    ; 0            ; |Ulala|Divisorcomsinal:inst17|Divisor:inst1|SomaSubtrai:inst2|Cont:inst1                ; work         ;
;                |somatop:inst10|   ; 1 (1)             ; 0 (0)        ; 0           ; 0            ; 0       ; 0         ; 0         ; 0    ; 0            ; |Ulala|Divisorcomsinal:inst17|Divisor:inst1|SomaSubtrai:inst2|Cont:inst1|somatop:inst10 ; work         ;
;                |somatop:inst8|    ; 1 (1)             ; 0 (0)        ; 0           ; 0            ; 0       ; 0         ; 0         ; 0    ; 0            ; |Ulala|Divisorcomsinal:inst17|Divisor:inst1|SomaSubtrai:inst2|Cont:inst1|somatop:inst8  ; work         ;
;          |SomaSubtrai:inst3|      ; 2 (0)             ; 0 (0)        ; 0           ; 0            ; 0       ; 0         ; 0         ; 0    ; 0            ; |Ulala|Divisorcomsinal:inst17|Divisor:inst1|SomaSubtrai:inst3                           ; work         ;
;             |Cont:inst1|          ; 2 (0)             ; 0 (0)        ; 0           ; 0            ; 0       ; 0         ; 0         ; 0    ; 0            ; |Ulala|Divisorcomsinal:inst17|Divisor:inst1|SomaSubtrai:inst3|Cont:inst1                ; work         ;
;                |somatop:inst9|    ; 1 (1)             ; 0 (0)        ; 0           ; 0            ; 0       ; 0         ; 0         ; 0    ; 0            ; |Ulala|Divisorcomsinal:inst17|Divisor:inst1|SomaSubtrai:inst3|Cont:inst1|somatop:inst9  ; work         ;
;                |somatop:inst|     ; 1 (1)             ; 0 (0)        ; 0           ; 0            ; 0       ; 0         ; 0         ; 0    ; 0            ; |Ulala|Divisorcomsinal:inst17|Divisor:inst1|SomaSubtrai:inst3|Cont:inst1|somatop:inst   ; work         ;
;          |SomaSubtrai:inst4|      ; 10 (0)            ; 0 (0)        ; 0           ; 0            ; 0       ; 0         ; 0         ; 0    ; 0            ; |Ulala|Divisorcomsinal:inst17|Divisor:inst1|SomaSubtrai:inst4                           ; work         ;
;             |Cont:inst1|          ; 10 (0)            ; 0 (0)        ; 0           ; 0            ; 0       ; 0         ; 0         ; 0    ; 0            ; |Ulala|Divisorcomsinal:inst17|Divisor:inst1|SomaSubtrai:inst4|Cont:inst1                ; work         ;
;                |somatop:inst8|    ; 10 (10)           ; 0 (0)        ; 0           ; 0            ; 0       ; 0         ; 0         ; 0    ; 0            ; |Ulala|Divisorcomsinal:inst17|Divisor:inst1|SomaSubtrai:inst4|Cont:inst1|somatop:inst8  ; work         ;
;          |SomaSubtrai:inst|       ; 2 (0)             ; 0 (0)        ; 0           ; 0            ; 0       ; 0         ; 0         ; 0    ; 0            ; |Ulala|Divisorcomsinal:inst17|Divisor:inst1|SomaSubtrai:inst                            ; work         ;
;             |Cont:inst1|          ; 2 (0)             ; 0 (0)        ; 0           ; 0            ; 0       ; 0         ; 0         ; 0    ; 0            ; |Ulala|Divisorcomsinal:inst17|Divisor:inst1|SomaSubtrai:inst|Cont:inst1                 ; work         ;
;                |somatop:inst|     ; 2 (2)             ; 0 (0)        ; 0           ; 0            ; 0       ; 0         ; 0         ; 0    ; 0            ; |Ulala|Divisorcomsinal:inst17|Divisor:inst1|SomaSubtrai:inst|Cont:inst1|somatop:inst    ; work         ;
;    |Multcomsinal:inst12|          ; 35 (0)            ; 0 (0)        ; 0           ; 0            ; 0       ; 0         ; 0         ; 0    ; 0            ; |Ulala|Multcomsinal:inst12                                                              ; work         ;
;       |Comp2:inst3|               ; 3 (0)             ; 0 (0)        ; 0           ; 0            ; 0       ; 0         ; 0         ; 0    ; 0            ; |Ulala|Multcomsinal:inst12|Comp2:inst3                                                  ; work         ;
;          |Cont:inst5|             ; 3 (0)             ; 0 (0)        ; 0           ; 0            ; 0       ; 0         ; 0         ; 0    ; 0            ; |Ulala|Multcomsinal:inst12|Comp2:inst3|Cont:inst5                                       ; work         ;
;             |somatop:inst8|       ; 2 (2)             ; 0 (0)        ; 0           ; 0            ; 0       ; 0         ; 0         ; 0    ; 0            ; |Ulala|Multcomsinal:inst12|Comp2:inst3|Cont:inst5|somatop:inst8                         ; work         ;
;             |somatop:inst9|       ; 1 (1)             ; 0 (0)        ; 0           ; 0            ; 0       ; 0         ; 0         ; 0    ; 0            ; |Ulala|Multcomsinal:inst12|Comp2:inst3|Cont:inst5|somatop:inst9                         ; work         ;
;       |Comp2:inst|                ; 3 (0)             ; 0 (0)        ; 0           ; 0            ; 0       ; 0         ; 0         ; 0    ; 0            ; |Ulala|Multcomsinal:inst12|Comp2:inst                                                   ; work         ;
;          |Cont:inst5|             ; 3 (0)             ; 0 (0)        ; 0           ; 0            ; 0       ; 0         ; 0         ; 0    ; 0            ; |Ulala|Multcomsinal:inst12|Comp2:inst|Cont:inst5                                        ; work         ;
;             |somatop:inst8|       ; 2 (2)             ; 0 (0)        ; 0           ; 0            ; 0       ; 0         ; 0         ; 0    ; 0            ; |Ulala|Multcomsinal:inst12|Comp2:inst|Cont:inst5|somatop:inst8                          ; work         ;
;             |somatop:inst9|       ; 1 (1)             ; 0 (0)        ; 0           ; 0            ; 0       ; 0         ; 0         ; 0    ; 0            ; |Ulala|Multcomsinal:inst12|Comp2:inst|Cont:inst5|somatop:inst9                          ; work         ;
;       |Comp2Big:inst6|            ; 3 (0)             ; 0 (0)        ; 0           ; 0            ; 0       ; 0         ; 0         ; 0    ; 0            ; |Ulala|Multcomsinal:inst12|Comp2Big:inst6                                               ; work         ;
;          |8bitAdder:inst|         ; 3 (0)             ; 0 (0)        ; 0           ; 0            ; 0       ; 0         ; 0         ; 0    ; 0            ; |Ulala|Multcomsinal:inst12|Comp2Big:inst6|8bitAdder:inst                                ; work         ;
;             |somatop:inst9|       ; 2 (2)             ; 0 (0)        ; 0           ; 0            ; 0       ; 0         ; 0         ; 0    ; 0            ; |Ulala|Multcomsinal:inst12|Comp2Big:inst6|8bitAdder:inst|somatop:inst9                  ; work         ;
;             |somatop:inst|        ; 1 (1)             ; 0 (0)        ; 0           ; 0            ; 0       ; 0         ; 0         ; 0    ; 0            ; |Ulala|Multcomsinal:inst12|Comp2Big:inst6|8bitAdder:inst|somatop:inst                   ; work         ;
;       |multiplicador:inst1|       ; 26 (5)            ; 0 (0)        ; 0           ; 0            ; 0       ; 0         ; 0         ; 0    ; 0            ; |Ulala|Multcomsinal:inst12|multiplicador:inst1                                          ; work         ;
;          |Cont:inst11|            ; 8 (0)             ; 0 (0)        ; 0           ; 0            ; 0       ; 0         ; 0         ; 0    ; 0            ; |Ulala|Multcomsinal:inst12|multiplicador:inst1|Cont:inst11                              ; work         ;
;             |somatop:inst10|      ; 2 (2)             ; 0 (0)        ; 0           ; 0            ; 0       ; 0         ; 0         ; 0    ; 0            ; |Ulala|Multcomsinal:inst12|multiplicador:inst1|Cont:inst11|somatop:inst10               ; work         ;
;             |somatop:inst8|       ; 1 (1)             ; 0 (0)        ; 0           ; 0            ; 0       ; 0         ; 0         ; 0    ; 0            ; |Ulala|Multcomsinal:inst12|multiplicador:inst1|Cont:inst11|somatop:inst8                ; work         ;
;             |somatop:inst9|       ; 2 (2)             ; 0 (0)        ; 0           ; 0            ; 0       ; 0         ; 0         ; 0    ; 0            ; |Ulala|Multcomsinal:inst12|multiplicador:inst1|Cont:inst11|somatop:inst9                ; work         ;
;             |somatop:inst|        ; 3 (3)             ; 0 (0)        ; 0           ; 0            ; 0       ; 0         ; 0         ; 0    ; 0            ; |Ulala|Multcomsinal:inst12|multiplicador:inst1|Cont:inst11|somatop:inst                 ; work         ;
;          |Cont:inst380|           ; 7 (0)             ; 0 (0)        ; 0           ; 0            ; 0       ; 0         ; 0         ; 0    ; 0            ; |Ulala|Multcomsinal:inst12|multiplicador:inst1|Cont:inst380                             ; work         ;
;             |somatop:inst10|      ; 2 (2)             ; 0 (0)        ; 0           ; 0            ; 0       ; 0         ; 0         ; 0    ; 0            ; |Ulala|Multcomsinal:inst12|multiplicador:inst1|Cont:inst380|somatop:inst10              ; work         ;
;             |somatop:inst8|       ; 3 (3)             ; 0 (0)        ; 0           ; 0            ; 0       ; 0         ; 0         ; 0    ; 0            ; |Ulala|Multcomsinal:inst12|multiplicador:inst1|Cont:inst380|somatop:inst8               ; work         ;
;             |somatop:inst9|       ; 1 (1)             ; 0 (0)        ; 0           ; 0            ; 0       ; 0         ; 0         ; 0    ; 0            ; |Ulala|Multcomsinal:inst12|multiplicador:inst1|Cont:inst380|somatop:inst9               ; work         ;
;             |somatop:inst|        ; 1 (1)             ; 0 (0)        ; 0           ; 0            ; 0       ; 0         ; 0         ; 0    ; 0            ; |Ulala|Multcomsinal:inst12|multiplicador:inst1|Cont:inst380|somatop:inst                ; work         ;
;          |Cont:inst3|             ; 6 (0)             ; 0 (0)        ; 0           ; 0            ; 0       ; 0         ; 0         ; 0    ; 0            ; |Ulala|Multcomsinal:inst12|multiplicador:inst1|Cont:inst3                               ; work         ;
;             |somatop:inst10|      ; 2 (2)             ; 0 (0)        ; 0           ; 0            ; 0       ; 0         ; 0         ; 0    ; 0            ; |Ulala|Multcomsinal:inst12|multiplicador:inst1|Cont:inst3|somatop:inst10                ; work         ;
;             |somatop:inst8|       ; 2 (2)             ; 0 (0)        ; 0           ; 0            ; 0       ; 0         ; 0         ; 0    ; 0            ; |Ulala|Multcomsinal:inst12|multiplicador:inst1|Cont:inst3|somatop:inst8                 ; work         ;
;             |somatop:inst9|       ; 2 (2)             ; 0 (0)        ; 0           ; 0            ; 0       ; 0         ; 0         ; 0    ; 0            ; |Ulala|Multcomsinal:inst12|multiplicador:inst1|Cont:inst3|somatop:inst9                 ; work         ;
;    |SomaSubtrai:inst7|            ; 3 (0)             ; 0 (0)        ; 0           ; 0            ; 0       ; 0         ; 0         ; 0    ; 0            ; |Ulala|SomaSubtrai:inst7                                                                ; work         ;
;       |Cont:inst1|                ; 3 (0)             ; 0 (0)        ; 0           ; 0            ; 0       ; 0         ; 0         ; 0    ; 0            ; |Ulala|SomaSubtrai:inst7|Cont:inst1                                                     ; work         ;
;          |somatop:inst8|          ; 1 (1)             ; 0 (0)        ; 0           ; 0            ; 0       ; 0         ; 0         ; 0    ; 0            ; |Ulala|SomaSubtrai:inst7|Cont:inst1|somatop:inst8                                       ; work         ;
;          |somatop:inst9|          ; 1 (1)             ; 0 (0)        ; 0           ; 0            ; 0       ; 0         ; 0         ; 0    ; 0            ; |Ulala|SomaSubtrai:inst7|Cont:inst1|somatop:inst9                                       ; work         ;
;          |somatop:inst|           ; 1 (1)             ; 0 (0)        ; 0           ; 0            ; 0       ; 0         ; 0         ; 0    ; 0            ; |Ulala|SomaSubtrai:inst7|Cont:inst1|somatop:inst                                        ; work         ;
;    |SomaSubtrai:inst8|            ; 4 (0)             ; 0 (0)        ; 0           ; 0            ; 0       ; 0         ; 0         ; 0    ; 0            ; |Ulala|SomaSubtrai:inst8                                                                ; work         ;
;       |Cont:inst1|                ; 4 (0)             ; 0 (0)        ; 0           ; 0            ; 0       ; 0         ; 0         ; 0    ; 0            ; |Ulala|SomaSubtrai:inst8|Cont:inst1                                                     ; work         ;
;          |somatop:inst8|          ; 2 (2)             ; 0 (0)        ; 0           ; 0            ; 0       ; 0         ; 0         ; 0    ; 0            ; |Ulala|SomaSubtrai:inst8|Cont:inst1|somatop:inst8                                       ; work         ;
;          |somatop:inst9|          ; 1 (1)             ; 0 (0)        ; 0           ; 0            ; 0       ; 0         ; 0         ; 0    ; 0            ; |Ulala|SomaSubtrai:inst8|Cont:inst1|somatop:inst9                                       ; work         ;
;          |somatop:inst|           ; 1 (1)             ; 0 (0)        ; 0           ; 0            ; 0       ; 0         ; 0         ; 0    ; 0            ; |Ulala|SomaSubtrai:inst8|Cont:inst1|somatop:inst                                        ; work         ;
;    |bigXor:inst6|                 ; 1 (1)             ; 0 (0)        ; 0           ; 0            ; 0       ; 0         ; 0         ; 0    ; 0            ; |Ulala|bigXor:inst6                                                                     ; work         ;
;    |hexade:inst11|                ; 7 (7)             ; 0 (0)        ; 0           ; 0            ; 0       ; 0         ; 0         ; 0    ; 0            ; |Ulala|hexade:inst11                                                                    ; work         ;
;    |lpm_mux:instmux|              ; 58 (0)            ; 0 (0)        ; 0           ; 0            ; 0       ; 0         ; 0         ; 0    ; 0            ; |Ulala|lpm_mux:instmux                                                                  ; work         ;
;       |mux_s0d:auto_generated|    ; 58 (58)           ; 0 (0)        ; 0           ; 0            ; 0       ; 0         ; 0         ; 0    ; 0            ; |Ulala|lpm_mux:instmux|mux_s0d:auto_generated                                           ; work         ;
;    |mux:inst18|                   ; 8 (0)             ; 0 (0)        ; 0           ; 0            ; 0       ; 0         ; 0         ; 0    ; 0            ; |Ulala|mux:inst18                                                                       ; work         ;
;       |lpm_mux:$00001|            ; 8 (0)             ; 0 (0)        ; 0           ; 0            ; 0       ; 0         ; 0         ; 0    ; 0            ; |Ulala|mux:inst18|lpm_mux:$00001                                                        ; work         ;
;          |mux_p0d:auto_generated| ; 8 (8)             ; 0 (0)        ; 0           ; 0            ; 0       ; 0         ; 0         ; 0    ; 0            ; |Ulala|mux:inst18|lpm_mux:$00001|mux_p0d:auto_generated                                 ; work         ;
;    |mux:inst19|                   ; 2 (0)             ; 0 (0)        ; 0           ; 0            ; 0       ; 0         ; 0         ; 0    ; 0            ; |Ulala|mux:inst19                                                                       ; work         ;
;       |lpm_mux:$00001|            ; 2 (0)             ; 0 (0)        ; 0           ; 0            ; 0       ; 0         ; 0         ; 0    ; 0            ; |Ulala|mux:inst19|lpm_mux:$00001                                                        ; work         ;
;          |mux_p0d:auto_generated| ; 2 (2)             ; 0 (0)        ; 0           ; 0            ; 0       ; 0         ; 0         ; 0    ; 0            ; |Ulala|mux:inst19|lpm_mux:$00001|mux_p0d:auto_generated                                 ; work         ;
+-----------------------------------+-------------------+--------------+-------------+--------------+---------+-----------+-----------+------+--------------+-----------------------------------------------------------------------------------------+--------------+
Note: For table entries with two numbers listed, the numbers in parentheses indicate the number of resources of the given type used by the specific entity alone. The numbers listed outside of parentheses indicate the total resources of the given type used by the specific entity and all of its sub-entities in the hierarchy.


+------------------------------------------------------+
; General Register Statistics                          ;
+----------------------------------------------+-------+
; Statistic                                    ; Value ;
+----------------------------------------------+-------+
; Total registers                              ; 0     ;
; Number of registers using Synchronous Clear  ; 0     ;
; Number of registers using Synchronous Load   ; 0     ;
; Number of registers using Asynchronous Clear ; 0     ;
; Number of registers using Asynchronous Load  ; 0     ;
; Number of registers using Clock Enable       ; 0     ;
; Number of registers using Preset             ; 0     ;
+----------------------------------------------+-------+


+--------------------------------------------------------------+
; Parameter Settings for User Entity Instance: LPM_MUX:instmux ;
+------------------------+---------------+---------------------+
; Parameter Name         ; Value         ; Type                ;
+------------------------+---------------+---------------------+
; AUTO_CARRY_CHAINS      ; ON            ; AUTO_CARRY          ;
; IGNORE_CARRY_BUFFERS   ; OFF           ; IGNORE_CARRY        ;
; AUTO_CASCADE_CHAINS    ; ON            ; AUTO_CASCADE        ;
; IGNORE_CASCADE_BUFFERS ; OFF           ; IGNORE_CASCADE      ;
; LPM_WIDTH              ; 4             ; Untyped             ;
; LPM_SIZE               ; 16            ; Untyped             ;
; LPM_WIDTHS             ; 4             ; Untyped             ;
; LPM_PIPELINE           ; 0             ; Untyped             ;
; CBXI_PARAMETER         ; mux_s0d       ; Untyped             ;
; DEVICE_FAMILY          ; Cyclone IV GX ; Untyped             ;
+------------------------+---------------+---------------------+
Note: In order to hide this table in the UI and the text report file, please set the "Show Parameter Settings in Synthesis Report" option in "Analysis and Synthesis Settings -> More Settings" to "Off".


+----------------------------------------------------------------------------+
; Parameter Settings for User Entity Instance: shift-comMux:inst9|MUX:inst65 ;
+----------------+-------+---------------------------------------------------+
; Parameter Name ; Value ; Type                                              ;
+----------------+-------+---------------------------------------------------+
; WIDTH          ; 4     ; Untyped                                           ;
; WIDTHS         ; 2     ; Untyped                                           ;
+----------------+-------+---------------------------------------------------+
Note: In order to hide this table in the UI and the text report file, please set the "Show Parameter Settings in Synthesis Report" option in "Analysis and Synthesis Settings -> More Settings" to "Off".


+--------------------------------------------------------------------------+
; Parameter Settings for User Entity Instance: shift-comMux:inst9|MUX:inst ;
+----------------+-------+-------------------------------------------------+
; Parameter Name ; Value ; Type                                            ;
+----------------+-------+-------------------------------------------------+
; WIDTH          ; 4     ; Untyped                                         ;
; WIDTHS         ; 2     ; Untyped                                         ;
+----------------+-------+-------------------------------------------------+
Note: In order to hide this table in the UI and the text report file, please set the "Show Parameter Settings in Synthesis Report" option in "Analysis and Synthesis Settings -> More Settings" to "Off".


+---------------------------------------------------------------------------+
; Parameter Settings for User Entity Instance: shift-comMux:inst9|MUX:inst7 ;
+----------------+-------+--------------------------------------------------+
; Parameter Name ; Value ; Type                                             ;
+----------------+-------+--------------------------------------------------+
; WIDTH          ; 4     ; Untyped                                          ;
; WIDTHS         ; 2     ; Untyped                                          ;
+----------------+-------+--------------------------------------------------+
Note: In order to hide this table in the UI and the text report file, please set the "Show Parameter Settings in Synthesis Report" option in "Analysis and Synthesis Settings -> More Settings" to "Off".


+---------------------------------------------------------------------------+
; Parameter Settings for User Entity Instance: shift-comMux:inst9|MUX:inst9 ;
+----------------+-------+--------------------------------------------------+
; Parameter Name ; Value ; Type                                             ;
+----------------+-------+--------------------------------------------------+
; WIDTH          ; 4     ; Untyped                                          ;
; WIDTHS         ; 2     ; Untyped                                          ;
+----------------+-------+--------------------------------------------------+
Note: In order to hide this table in the UI and the text report file, please set the "Show Parameter Settings in Synthesis Report" option in "Analysis and Synthesis Settings -> More Settings" to "Off".


+--------------------------------------------------------------------------------+
; Parameter Settings for User Entity Instance: shiftRight-comMux:inst|MUX:inst65 ;
+----------------+-------+-------------------------------------------------------+
; Parameter Name ; Value ; Type                                                  ;
+----------------+-------+-------------------------------------------------------+
; WIDTH          ; 4     ; Untyped                                               ;
; WIDTHS         ; 2     ; Untyped                                               ;
+----------------+-------+-------------------------------------------------------+
Note: In order to hide this table in the UI and the text report file, please set the "Show Parameter Settings in Synthesis Report" option in "Analysis and Synthesis Settings -> More Settings" to "Off".


+------------------------------------------------------------------------------+
; Parameter Settings for User Entity Instance: shiftRight-comMux:inst|MUX:inst ;
+----------------+-------+-----------------------------------------------------+
; Parameter Name ; Value ; Type                                                ;
+----------------+-------+-----------------------------------------------------+
; WIDTH          ; 4     ; Untyped                                             ;
; WIDTHS         ; 2     ; Untyped                                             ;
+----------------+-------+-----------------------------------------------------+
Note: In order to hide this table in the UI and the text report file, please set the "Show Parameter Settings in Synthesis Report" option in "Analysis and Synthesis Settings -> More Settings" to "Off".


+-------------------------------------------------------------------------------+
; Parameter Settings for User Entity Instance: shiftRight-comMux:inst|MUX:inst7 ;
+----------------+-------+------------------------------------------------------+
; Parameter Name ; Value ; Type                                                 ;
+----------------+-------+------------------------------------------------------+
; WIDTH          ; 4     ; Untyped                                              ;
; WIDTHS         ; 2     ; Untyped                                              ;
+----------------+-------+------------------------------------------------------+
Note: In order to hide this table in the UI and the text report file, please set the "Show Parameter Settings in Synthesis Report" option in "Analysis and Synthesis Settings -> More Settings" to "Off".


+-------------------------------------------------------------------------------+
; Parameter Settings for User Entity Instance: shiftRight-comMux:inst|MUX:inst9 ;
+----------------+-------+------------------------------------------------------+
; Parameter Name ; Value ; Type                                                 ;
+----------------+-------+------------------------------------------------------+
; WIDTH          ; 4     ; Untyped                                              ;
; WIDTHS         ; 2     ; Untyped                                              ;
+----------------+-------+------------------------------------------------------+
Note: In order to hide this table in the UI and the text report file, please set the "Show Parameter Settings in Synthesis Report" option in "Analysis and Synthesis Settings -> More Settings" to "Off".


+---------------------------------------------------------------------------+
; Parameter Settings for User Entity Instance: rotateLeft:inst15|MUX:inst65 ;
+----------------+-------+--------------------------------------------------+
; Parameter Name ; Value ; Type                                             ;
+----------------+-------+--------------------------------------------------+
; WIDTH          ; 4     ; Untyped                                          ;
; WIDTHS         ; 2     ; Untyped                                          ;
+----------------+-------+--------------------------------------------------+
Note: In order to hide this table in the UI and the text report file, please set the "Show Parameter Settings in Synthesis Report" option in "Analysis and Synthesis Settings -> More Settings" to "Off".


+-------------------------------------------------------------------------+
; Parameter Settings for User Entity Instance: rotateLeft:inst15|MUX:inst ;
+----------------+-------+------------------------------------------------+
; Parameter Name ; Value ; Type                                           ;
+----------------+-------+------------------------------------------------+
; WIDTH          ; 4     ; Untyped                                        ;
; WIDTHS         ; 2     ; Untyped                                        ;
+----------------+-------+------------------------------------------------+
Note: In order to hide this table in the UI and the text report file, please set the "Show Parameter Settings in Synthesis Report" option in "Analysis and Synthesis Settings -> More Settings" to "Off".


+--------------------------------------------------------------------------+
; Parameter Settings for User Entity Instance: rotateLeft:inst15|MUX:inst7 ;
+----------------+-------+-------------------------------------------------+
; Parameter Name ; Value ; Type                                            ;
+----------------+-------+-------------------------------------------------+
; WIDTH          ; 4     ; Untyped                                         ;
; WIDTHS         ; 2     ; Untyped                                         ;
+----------------+-------+-------------------------------------------------+
Note: In order to hide this table in the UI and the text report file, please set the "Show Parameter Settings in Synthesis Report" option in "Analysis and Synthesis Settings -> More Settings" to "Off".


+--------------------------------------------------------------------------+
; Parameter Settings for User Entity Instance: rotateLeft:inst15|MUX:inst9 ;
+----------------+-------+-------------------------------------------------+
; Parameter Name ; Value ; Type                                            ;
+----------------+-------+-------------------------------------------------+
; WIDTH          ; 4     ; Untyped                                         ;
; WIDTHS         ; 2     ; Untyped                                         ;
+----------------+-------+-------------------------------------------------+
Note: In order to hide this table in the UI and the text report file, please set the "Show Parameter Settings in Synthesis Report" option in "Analysis and Synthesis Settings -> More Settings" to "Off".


+----------------------------------------------------------------------------+
; Parameter Settings for User Entity Instance: rotateRight:inst16|MUX:inst65 ;
+----------------+-------+---------------------------------------------------+
; Parameter Name ; Value ; Type                                              ;
+----------------+-------+---------------------------------------------------+
; WIDTH          ; 4     ; Untyped                                           ;
; WIDTHS         ; 2     ; Untyped                                           ;
+----------------+-------+---------------------------------------------------+
Note: In order to hide this table in the UI and the text report file, please set the "Show Parameter Settings in Synthesis Report" option in "Analysis and Synthesis Settings -> More Settings" to "Off".


+--------------------------------------------------------------------------+
; Parameter Settings for User Entity Instance: rotateRight:inst16|MUX:inst ;
+----------------+-------+-------------------------------------------------+
; Parameter Name ; Value ; Type                                            ;
+----------------+-------+-------------------------------------------------+
; WIDTH          ; 4     ; Untyped                                         ;
; WIDTHS         ; 2     ; Untyped                                         ;
+----------------+-------+-------------------------------------------------+
Note: In order to hide this table in the UI and the text report file, please set the "Show Parameter Settings in Synthesis Report" option in "Analysis and Synthesis Settings -> More Settings" to "Off".


+---------------------------------------------------------------------------+
; Parameter Settings for User Entity Instance: rotateRight:inst16|MUX:inst7 ;
+----------------+-------+--------------------------------------------------+
; Parameter Name ; Value ; Type                                             ;
+----------------+-------+--------------------------------------------------+
; WIDTH          ; 4     ; Untyped                                          ;
; WIDTHS         ; 2     ; Untyped                                          ;
+----------------+-------+--------------------------------------------------+
Note: In order to hide this table in the UI and the text report file, please set the "Show Parameter Settings in Synthesis Report" option in "Analysis and Synthesis Settings -> More Settings" to "Off".


+---------------------------------------------------------------------------+
; Parameter Settings for User Entity Instance: rotateRight:inst16|MUX:inst9 ;
+----------------+-------+--------------------------------------------------+
; Parameter Name ; Value ; Type                                             ;
+----------------+-------+--------------------------------------------------+
; WIDTH          ; 4     ; Untyped                                          ;
; WIDTHS         ; 2     ; Untyped                                          ;
+----------------+-------+--------------------------------------------------+
Note: In order to hide this table in the UI and the text report file, please set the "Show Parameter Settings in Synthesis Report" option in "Analysis and Synthesis Settings -> More Settings" to "Off".


+---------------------------------------------------------+
; Parameter Settings for User Entity Instance: MUX:inst18 ;
+----------------+-------+--------------------------------+
; Parameter Name ; Value ; Type                           ;
+----------------+-------+--------------------------------+
; WIDTH          ; 16    ; Untyped                        ;
; WIDTHS         ; 4     ; Untyped                        ;
+----------------+-------+--------------------------------+
Note: In order to hide this table in the UI and the text report file, please set the "Show Parameter Settings in Synthesis Report" option in "Analysis and Synthesis Settings -> More Settings" to "Off".


+---------------------------------------------------------+
; Parameter Settings for User Entity Instance: MUX:inst19 ;
+----------------+-------+--------------------------------+
; Parameter Name ; Value ; Type                           ;
+----------------+-------+--------------------------------+
; WIDTH          ; 16    ; Untyped                        ;
; WIDTHS         ; 4     ; Untyped                        ;
+----------------+-------+--------------------------------+
Note: In order to hide this table in the UI and the text report file, please set the "Show Parameter Settings in Synthesis Report" option in "Analysis and Synthesis Settings -> More Settings" to "Off".


+-----------------------------------------------------+
; Post-Synthesis Netlist Statistics for Top Partition ;
+-----------------------+-----------------------------+
; Type                  ; Count                       ;
+-----------------------+-----------------------------+
; boundary_port         ; 26                          ;
; cycloneiii_lcell_comb ; 149                         ;
;     normal            ; 149                         ;
;         2 data inputs ; 12                          ;
;         3 data inputs ; 21                          ;
;         4 data inputs ; 116                         ;
;                       ;                             ;
; Max LUT depth         ; 14.00                       ;
; Average LUT depth     ; 8.99                        ;
+-----------------------+-----------------------------+


+-------------------------------+
; Elapsed Time Per Partition    ;
+----------------+--------------+
; Partition Name ; Elapsed Time ;
+----------------+--------------+
; Top            ; 00:00:04     ;
+----------------+--------------+


+-------------------------------+
; Analysis & Synthesis Messages ;
+-------------------------------+
Info: *******************************************************************
Info: Running Quartus II 64-Bit Analysis & Synthesis
    Info: Version 14.1.0 Build 186 12/03/2014 SJ Web Edition
    Info: Processing started: Fri Jun 22 19:37:31 2018
Info: Command: quartus_map --read_settings_files=on --write_settings_files=off Ulala -c Ulala
Info (20030): Parallel compilation is enabled and will use 4 of the 4 processors detected
Warning (12019): Can't analyze file -- file ../ULA/Ulala.bdf is missing
Warning (12019): Can't analyze file -- file shift-left.bdf is missing
Info (12021): Found 1 design units, including 1 entities, in source file ulala.bdf
    Info (12023): Found entity 1: Ulala
Warning (12019): Can't analyze file -- file shift.bdf is missing
Info (12021): Found 1 design units, including 1 entities, in source file shiftright-commux.bdf
    Info (12023): Found entity 1: shiftRight-comMux
Info (12021): Found 1 design units, including 1 entities, in source file divisorcomsinal.bdf
    Info (12023): Found entity 1: Divisorcomsinal
Info (12021): Found 1 design units, including 1 entities, in source file divisor.bdf
    Info (12023): Found entity 1: Divisor
Info (12127): Elaborating entity "Ulala" for the top level hierarchy
Info (12128): Elaborating entity "LPM_MUX" for hierarchy "LPM_MUX:instmux"
Info (12130): Elaborated megafunction instantiation "LPM_MUX:instmux"
Info (12133): Instantiated megafunction "LPM_MUX:instmux" with the following parameter:
    Info (12134): Parameter "LPM_SIZE" = "16"
    Info (12134): Parameter "LPM_WIDTH" = "4"
    Info (12134): Parameter "LPM_WIDTHS" = "4"
Info (12021): Found 1 design units, including 1 entities, in source file db/mux_s0d.tdf
    Info (12023): Found entity 1: mux_s0d
Info (12128): Elaborating entity "mux_s0d" for hierarchy "LPM_MUX:instmux|mux_s0d:auto_generated"
Warning (12125): Using design file bignot.bdf, which is not specified as a design file for the current project, but contains definitions for 1 design units and 1 entities in project
    Info (12023): Found entity 1: bigNot
Info (12128): Elaborating entity "bigNot" for hierarchy "bigNot:inst4"
Warning (12125): Using design file bigand.bdf, which is not specified as a design file for the current project, but contains definitions for 1 design units and 1 entities in project
    Info (12023): Found entity 1: bigAnd
Info (12128): Elaborating entity "bigAnd" for hierarchy "bigAnd:instand"
Warning (12125): Using design file bigor.bdf, which is not specified as a design file for the current project, but contains definitions for 1 design units and 1 entities in project
    Info (12023): Found entity 1: bigOr
Info (12128): Elaborating entity "bigOr" for hierarchy "bigOr:inst1"
Warning (12125): Using design file bignand.bdf, which is not specified as a design file for the current project, but contains definitions for 1 design units and 1 entities in project
    Info (12023): Found entity 1: bigNand
Info (12128): Elaborating entity "bigNand" for hierarchy "bigNand:inst2"
Warning (12125): Using design file bignor.bdf, which is not specified as a design file for the current project, but contains definitions for 1 design units and 1 entities in project
    Info (12023): Found entity 1: bigNor
Info (12128): Elaborating entity "bigNor" for hierarchy "bigNor:inst5"
Warning (12125): Using design file bigxor.bdf, which is not specified as a design file for the current project, but contains definitions for 1 design units and 1 entities in project
    Info (12023): Found entity 1: bigXor
Info (12128): Elaborating entity "bigXor" for hierarchy "bigXor:inst6"
Warning (12125): Using design file somasubtrai.bdf, which is not specified as a design file for the current project, but contains definitions for 1 design units and 1 entities in project
    Info (12023): Found entity 1: SomaSubtrai
Info (12128): Elaborating entity "somasubtrai" for hierarchy "somasubtrai:inst7"
Warning (12125): Using design file cont.bdf, which is not specified as a design file for the current project, but contains definitions for 1 design units and 1 entities in project
    Info (12023): Found entity 1: Cont
Info (12128): Elaborating entity "Cont" for hierarchy "somasubtrai:inst7|Cont:inst1"
Warning (12125): Using design file somatop.bdf, which is not specified as a design file for the current project, but contains definitions for 1 design units and 1 entities in project
    Info (12023): Found entity 1: somatop
Info (12128): Elaborating entity "somatop" for hierarchy "somasubtrai:inst7|Cont:inst1|somatop:inst10"
Info (12128): Elaborating entity "Divisorcomsinal" for hierarchy "Divisorcomsinal:inst17"
Warning (12125): Using design file comp2.bdf, which is not specified as a design file for the current project, but contains definitions for 1 design units and 1 entities in project
    Info (12023): Found entity 1: Comp2
Info (12128): Elaborating entity "Comp2" for hierarchy "Divisorcomsinal:inst17|Comp2:inst2"
Info (12128): Elaborating entity "Divisor" for hierarchy "Divisorcomsinal:inst17|Divisor:inst1"
Warning (12125): Using design file multcomsinal.bdf, which is not specified as a design file for the current project, but contains definitions for 1 design units and 1 entities in project
    Info (12023): Found entity 1: Multcomsinal
Info (12128): Elaborating entity "Multcomsinal" for hierarchy "Multcomsinal:inst12"
Warning (12125): Using design file comp2big.bdf, which is not specified as a design file for the current project, but contains definitions for 1 design units and 1 entities in project
    Info (12023): Found entity 1: Comp2Big
Info (12128): Elaborating entity "Comp2Big" for hierarchy "Multcomsinal:inst12|Comp2Big:inst6"
Warning (12125): Using design file 8bitadder.bdf, which is not specified as a design file for the current project, but contains definitions for 1 design units and 1 entities in project
    Info (12023): Found entity 1: 8bitAdder
Info (12128): Elaborating entity "8bitAdder" for hierarchy "Multcomsinal:inst12|Comp2Big:inst6|8bitAdder:inst"
Warning (12125): Using design file multiplicador.bdf, which is not specified as a design file for the current project, but contains definitions for 1 design units and 1 entities in project
    Info (12023): Found entity 1: multiplicador
Info (12128): Elaborating entity "multiplicador" for hierarchy "Multcomsinal:inst12|multiplicador:inst1"
Warning (12125): Using design file shift-commux.bdf, which is not specified as a design file for the current project, but contains definitions for 1 design units and 1 entities in project
    Info (12023): Found entity 1: shift-comMux
Info (12128): Elaborating entity "shift-comMux" for hierarchy "shift-comMux:inst9"
Info (12128): Elaborating entity "MUX" for hierarchy "shift-comMux:inst9|MUX:inst65"
Info (12130): Elaborated megafunction instantiation "shift-comMux:inst9|MUX:inst65"
Info (12133): Instantiated megafunction "shift-comMux:inst9|MUX:inst65" with the following parameter:
    Info (12134): Parameter "WIDTH" = "4"
    Info (12134): Parameter "WIDTHS" = "2"
Info (12128): Elaborating entity "LPM_MUX" for hierarchy "shift-comMux:inst9|MUX:inst65|LPM_MUX:$00001"
Info (12131): Elaborated megafunction instantiation "shift-comMux:inst9|MUX:inst65|LPM_MUX:$00001", which is child of megafunction instantiation "shift-comMux:inst9|MUX:inst65"
Info (12021): Found 1 design units, including 1 entities, in source file db/mux_4vc.tdf
    Info (12023): Found entity 1: mux_4vc
Info (12128): Elaborating entity "mux_4vc" for hierarchy "shift-comMux:inst9|MUX:inst65|LPM_MUX:$00001|mux_4vc:auto_generated"
Warning (12125): Using design file shift-left4.bdf, which is not specified as a design file for the current project, but contains definitions for 1 design units and 1 entities in project
    Info (12023): Found entity 1: shift-left4
Info (12128): Elaborating entity "shift-left4" for hierarchy "shift-comMux:inst9|shift-left4:inst6"
Warning (275011): Block or symbol "GND" of instance "inst" overlaps another block or symbol
Warning (275011): Block or symbol "GND" of instance "inst4" overlaps another block or symbol
Warning (275009): Pin "1" not connected
Warning (275009): Pin "2" not connected
Warning (275009): Pin "3" not connected
Warning (275009): Pin "4" not connected
Warning (12125): Using design file shift-left1.bdf, which is not specified as a design file for the current project, but contains definitions for 1 design units and 1 entities in project
    Info (12023): Found entity 1: shift-left1
Info (12128): Elaborating entity "shift-left1" for hierarchy "shift-comMux:inst9|shift-left1:inst3"
Warning (275009): Pin "1" not connected
Warning (12125): Using design file shift-left2.bdf, which is not specified as a design file for the current project, but contains definitions for 1 design units and 1 entities in project
    Info (12023): Found entity 1: shift-left2
Info (12128): Elaborating entity "shift-left2" for hierarchy "shift-comMux:inst9|shift-left2:inst4"
Warning (12125): Using design file shift-left3.bdf, which is not specified as a design file for the current project, but contains definitions for 1 design units and 1 entities in project
    Info (12023): Found entity 1: shift-left3
Info (12128): Elaborating entity "shift-left3" for hierarchy "shift-comMux:inst9|shift-left3:inst5"
Info (12128): Elaborating entity "shiftRight-comMux" for hierarchy "shiftRight-comMux:inst"
Warning (12125): Using design file shift-right4.bdf, which is not specified as a design file for the current project, but contains definitions for 1 design units and 1 entities in project
    Info (12023): Found entity 1: shift-right4
Info (12128): Elaborating entity "shift-right4" for hierarchy "shiftRight-comMux:inst|shift-right4:inst5"
Warning (275011): Block or symbol "GND" of instance "inst" overlaps another block or symbol
Warning (275011): Block or symbol "GND" of instance "inst3" overlaps another block or symbol
Warning (275009): Pin "2" not connected
Warning (275009): Pin "3" not connected
Warning (275009): Pin "4" not connected
Warning (275008): Primitive "GND" of instance "inst" not used
Warning (275008): Primitive "GND" of instance "inst2" not used
Warning (275008): Primitive "GND" of instance "inst3" not used
Warning (12125): Using design file shift-right1.bdf, which is not specified as a design file for the current project, but contains definitions for 1 design units and 1 entities in project
    Info (12023): Found entity 1: shift-right1
Info (12128): Elaborating entity "shift-right1" for hierarchy "shiftRight-comMux:inst|shift-right1:inst6"
Warning (275009): Pin "4" not connected
Warning (275008): Primitive "GND" of instance "inst" not used
Warning (12125): Using design file shift-right2.bdf, which is not specified as a design file for the current project, but contains definitions for 1 design units and 1 entities in project
    Info (12023): Found entity 1: shift-right2
Info (12128): Elaborating entity "shift-right2" for hierarchy "shiftRight-comMux:inst|shift-right2:inst3"
Warning (12125): Using design file shift-right3.bdf, which is not specified as a design file for the current project, but contains definitions for 1 design units and 1 entities in project
    Info (12023): Found entity 1: shift-right3
Info (12128): Elaborating entity "shift-right3" for hierarchy "shiftRight-comMux:inst|shift-right3:inst1"
Warning (12125): Using design file rotateleft.bdf, which is not specified as a design file for the current project, but contains definitions for 1 design units and 1 entities in project
    Info (12023): Found entity 1: rotateLeft
Info (12128): Elaborating entity "rotateLeft" for hierarchy "rotateLeft:inst15"
Warning (12125): Using design file rotate4.bdf, which is not specified as a design file for the current project, but contains definitions for 1 design units and 1 entities in project
    Info (12023): Found entity 1: rotate4
Info (12128): Elaborating entity "rotate4" for hierarchy "rotateLeft:inst15|rotate4:inst13"
Warning (12125): Using design file rotate3.bdf, which is not specified as a design file for the current project, but contains definitions for 1 design units and 1 entities in project
    Info (12023): Found entity 1: rotate3
Info (12128): Elaborating entity "rotate3" for hierarchy "rotateLeft:inst15|rotate3:inst16"
Warning (12125): Using design file rotate2.bdf, which is not specified as a design file for the current project, but contains definitions for 1 design units and 1 entities in project
    Info (12023): Found entity 1: rotate2
Info (12128): Elaborating entity "rotate2" for hierarchy "rotateLeft:inst15|rotate2:inst11"
Warning (12125): Using design file rotate1.bdf, which is not specified as a design file for the current project, but contains definitions for 1 design units and 1 entities in project
    Info (12023): Found entity 1: rotate1
Info (12128): Elaborating entity "rotate1" for hierarchy "rotateLeft:inst15|rotate1:inst15"
Warning (12125): Using design file rotateright.bdf, which is not specified as a design file for the current project, but contains definitions for 1 design units and 1 entities in project
    Info (12023): Found entity 1: rotateRight
Info (12128): Elaborating entity "rotateRight" for hierarchy "rotateRight:inst16"
Info (12128): Elaborating entity "MUX" for hierarchy "MUX:inst18"
Info (12130): Elaborated megafunction instantiation "MUX:inst18"
Info (12133): Instantiated megafunction "MUX:inst18" with the following parameter:
    Info (12134): Parameter "WIDTH" = "16"
    Info (12134): Parameter "WIDTHS" = "4"
Info (12128): Elaborating entity "LPM_MUX" for hierarchy "MUX:inst18|LPM_MUX:$00001"
Info (12131): Elaborated megafunction instantiation "MUX:inst18|LPM_MUX:$00001", which is child of megafunction instantiation "MUX:inst18"
Info (12021): Found 1 design units, including 1 entities, in source file db/mux_p0d.tdf
    Info (12023): Found entity 1: mux_p0d
Info (12128): Elaborating entity "mux_p0d" for hierarchy "MUX:inst18|LPM_MUX:$00001|mux_p0d:auto_generated"
Warning (12125): Using design file hexade.bdf, which is not specified as a design file for the current project, but contains definitions for 1 design units and 1 entities in project
    Info (12023): Found entity 1: hexade
Info (12128): Elaborating entity "hexade" for hierarchy "hexade:inst11"
Warning (12001): Port "out[4]" does not exist in entity definition of "somasubtrai".  The port's range differs between the entity definition and its actual instantiation, "Divisorcomsinal:inst17|Divisor:inst1|somasubtrai:inst4".
Warning (12001): Port "out[4]" does not exist in entity definition of "somasubtrai".  The port's range differs between the entity definition and its actual instantiation, "Divisorcomsinal:inst17|Divisor:inst1|somasubtrai:inst3".
Warning (12001): Port "out[4]" does not exist in entity definition of "somasubtrai".  The port's range differs between the entity definition and its actual instantiation, "Divisorcomsinal:inst17|Divisor:inst1|somasubtrai:inst2".
Warning (12001): Port "out[4]" does not exist in entity definition of "somasubtrai".  The port's range differs between the entity definition and its actual instantiation, "Divisorcomsinal:inst17|Divisor:inst1|somasubtrai:inst".
Info (286030): Timing-Driven Synthesis is running
Info (16010): Generating hard_block partition "hard_block:auto_generated_inst"
    Info (16011): Adding 0 node(s), including 0 DDIO, 0 PLL, 0 transceiver and 0 LCELL
Info (21057): Implemented 175 device resources after synthesis - the final resource count might be different
    Info (21058): Implemented 12 input pins
    Info (21059): Implemented 14 output pins
    Info (21061): Implemented 149 logic cells
Info: Quartus II 64-Bit Analysis & Synthesis was successful. 0 errors, 54 warnings
    Info: Peak virtual memory: 761 megabytes
    Info: Processing ended: Fri Jun 22 19:38:12 2018
    Info: Elapsed time: 00:00:41
    Info: Total CPU time (on all processors): 00:00:23


